2022-10-22 14:36:05,718:INFO:PyCaret Supervised Module
2022-10-22 14:36:05,718:INFO:ML Usecase: regression
2022-10-22 14:36:05,718:INFO:version 2.2.2
2022-10-22 14:36:05,719:INFO:Initializing setup()
2022-10-22 14:36:05,719:INFO:setup(target=Fatalities, ml_usecase=regression, available_plots={'parameter': 'Hyperparameters', 'residuals': 'Residuals', 'error': 'Prediction Error', 'cooks': 'Cooks Distance', 'rfe': 'Feature Selection', 'learning': 'Learning Curve', 'manifold': 'Manifold Learning', 'vc': 'Validation Curve', 'feature': 'Feature Importance', 'feature_all': 'Feature Importance (All)', 'tree': 'Decision Tree'}, train_size=0.7, test_data=None, preprocess=True, imputation_type=simple, iterative_imputation_iters=5, categorical_features=None, categorical_imputation=constant, categorical_iterative_imputer=lightgbm, ordinal_features=None, high_cardinality_features=None, high_cardinality_method=frequency, numeric_features=None, numeric_imputation=mean, numeric_iterative_imputer=lightgbm, date_features=None, ignore_features=None, normalize=False, normalize_method=zscore, transformation=False, transformation_method=yeo-johnson, handle_unknown_categorical=True, unknown_categorical_method=least_frequent, pca=False, pca_method=linear, pca_components=None, ignore_low_variance=False, combine_rare_levels=False, rare_level_threshold=0.1, bin_numeric_features=None, remove_outliers=False, outliers_threshold=0.05, remove_multicollinearity=False, multicollinearity_threshold=0.9, remove_perfect_collinearity=True, create_clusters=False, cluster_iter=20, polynomial_features=False, polynomial_degree=2, trigonometry_features=False, polynomial_threshold=0.1, group_features=None, group_names=None, feature_selection=False, feature_selection_threshold=0.8, feature_selection_method=classic, feature_interaction=False, feature_ratio=False, interaction_threshold=0.01, fix_imbalance=False, fix_imbalance_method=None, transform_target=False, transform_target_method=box-cox, data_split_shuffle=True, data_split_stratify=False, fold_strategy=kfold, fold=10, fold_shuffle=False, fold_groups=None, n_jobs=-1, use_gpu=False, custom_pipeline=None, html=True, session_id=None, log_experiment=False, experiment_name=None, log_plots=False, log_profile=False, log_data=False, silent=False, verbose=True, profile=False, profile_kwargs=None, display=None)
2022-10-22 14:36:05,719:INFO:Checking environment
2022-10-22 14:36:05,719:INFO:python_version: 3.9.12
2022-10-22 14:36:05,719:INFO:python_build: ('main', 'Apr  4 2022 05:22:27')
2022-10-22 14:36:05,719:INFO:machine: AMD64
2022-10-22 14:36:05,719:INFO:platform: Windows-10-10.0.19044-SP0
2022-10-22 14:36:05,719:INFO:Memory: svmem(total=16959000576, available=9065910272, percent=46.5, used=7893090304, free=9065910272)
2022-10-22 14:36:05,719:INFO:Physical Core: 4
2022-10-22 14:36:05,719:INFO:Logical Core: 8
2022-10-22 14:36:05,720:INFO:Checking libraries
2022-10-22 14:36:05,720:INFO:pd==1.4.2
2022-10-22 14:36:05,720:INFO:numpy==1.21.5
2022-10-22 14:36:05,720:INFO:sklearn==1.1.2
2022-10-22 14:36:05,836:INFO:xgboost==1.6.1
2022-10-22 14:36:05,836:INFO:lightgbm==3.3.2
2022-10-22 14:36:06,336:INFO:catboost==1.0.6
2022-10-22 14:36:07,405:INFO:mlflow==1.28.0
2022-10-22 14:36:07,405:INFO:Checking Exceptions
2022-10-22 14:36:07,405:INFO:Declaring global variables
2022-10-22 14:36:07,405:INFO:USI: 4881
2022-10-22 14:36:07,405:INFO:pycaret_globals: {'_gpu_n_jobs_param', 'n_jobs_param', 'master_model_container', '_available_plots', 'log_plots_param', 'X_train', 'transform_target_method_param', 'imputation_classifier', 'exp_name_log', 'X_test', 'logging_param', 'iterative_imputation_iters_param', 'fold_groups_param', 'seed', 'display_container', 'fix_imbalance_param', 'X', '_all_models_internal', 'data_before_preprocess', 'USI', 'stratify_param', '_ml_usecase', 'create_model_container', 'pycaret_globals', 'target_param', 'transform_target_param', 'y', 'html_param', 'fold_shuffle_param', 'fix_imbalance_method_param', '_internal_pipeline', 'experiment__', '_all_metrics', 'gpu_param', 'y_test', 'y_train', '_all_models', 'prep_pipe', 'fold_param', 'fold_generator', 'imputation_regressor'}
2022-10-22 14:36:07,406:INFO:Preparing display monitor
2022-10-22 14:36:07,406:INFO:Preparing display monitor
2022-10-22 14:36:07,414:INFO:Importing libraries
2022-10-22 14:36:07,414:INFO:Copying data for preprocessing
2022-10-22 14:36:07,422:INFO:Declaring preprocessing parameters
2022-10-22 14:36:07,424:INFO:Creating preprocessing pipeline
2022-10-22 14:36:07,439:INFO:Preprocessing pipeline created successfully
2022-10-22 14:36:07,439:ERROR:(Process Exit): setup has been interupted with user command 'quit'. setup must rerun.
2022-10-22 14:36:07,439:INFO:Creating global containers
